# JRE version: OpenJDK Runtime Environment (11.0.15) (build 11.0.15+0-b2043.56-9505619)
# Java VM: OpenJDK 64-Bit Server VM (11.0.15+0-b2043.56-9505619, mixed mode, tiered, compressed oops, g1 gc, windows-amd64)
Heap:
 garbage-first heap   total 152576K, used 91363K [0x0000000080000000, 0x0000000100000000)
  region size 1024K, 61 young (62464K), 10 survivors (10240K)
 Metaspace       used 54514K, capacity 56116K, committed 56348K, reserved 1097728K
  class space    used 6935K, capacity 7512K, committed 7576K, reserved 1048576K
GC Heap History (18 events):
Event: 1.096 GC heap before
{Heap before GC invocations=0 (full 0):
 garbage-first heap   total 126976K, used 29696K [0x0000000080000000, 0x0000000100000000)
  region size 1024K, 24 young (24576K), 0 survivors (0K)
 Metaspace       used 9770K, capacity 9956K, committed 10112K, reserved 1058816K
  class space    used 997K, capacity 1069K, committed 1152K, reserved 1048576K
}
Event: 1.108 GC heap after
{Heap after GC invocations=1 (full 0):
 garbage-first heap   total 126976K, used 9159K [0x0000000080000000, 0x0000000100000000)
  region size 1024K, 3 young (3072K), 3 survivors (3072K)
 Metaspace       used 9770K, capacity 9956K, committed 10112K, reserved 1058816K
  class space    used 997K, capacity 1069K, committed 1152K, reserved 1048576K
}
Event: 3.536 GC heap before
{Heap before GC invocations=1 (full 0):
 garbage-first heap   total 126976K, used 82887K [0x0000000080000000, 0x0000000100000000)
  region size 1024K, 74 young (75776K), 3 survivors (3072K)
 Metaspace       used 17958K, capacity 18325K, committed 18432K, reserved 1064960K
  class space    used 2101K, capacity 2242K, committed 2304K, reserved 1048576K
}
Event: 3.546 GC heap after
{Heap after GC invocations=2 (full 0):
 garbage-first heap   total 126976K, used 16453K [0x0000000080000000, 0x0000000100000000)
  region size 1024K, 10 young (10240K), 10 survivors (10240K)
 Metaspace       used 17958K, capacity 18325K, committed 18432K, reserved 1064960K
  class space    used 2101K, capacity 2242K, committed 2304K, reserved 1048576K
}
Event: 4.015 GC heap before
{Heap before GC invocations=2 (full 0):
 garbage-first heap   total 126976K, used 41029K [0x0000000080000000, 0x0000000100000000)
  region size 1024K, 36 young (36864K), 10 survivors (10240K)
 Metaspace       used 20779K, capacity 21187K, committed 21296K, reserved 1069056K
  class space    used 2522K, capacity 2685K, committed 2688K, reserved 1048576K
}
Event: 4.029 GC heap after
{Heap after GC invocations=3 (full 0):
 garbage-first heap   total 126976K, used 17372K [0x0000000080000000, 0x0000000100000000)
  region size 1024K, 2 young (2048K), 2 survivors (2048K)
 Metaspace       used 20779K, capacity 21187K, committed 21296K, reserved 1069056K
  class space    used 2522K, capacity 2685K, committed 2688K, reserved 1048576K
}
Event: 5.240 GC heap before
{Heap before GC invocations=4 (full 0):
 garbage-first heap   total 126976K, used 65500K [0x0000000080000000, 0x0000000100000000)
  region size 1024K, 49 young (50176K), 2 survivors (2048K)
 Metaspace       used 25846K, capacity 26433K, committed 26620K, reserved 1073152K
  class space    used 3340K, capacity 3549K, committed 3660K, reserved 1048576K
}
Event: 5.247 GC heap after
{Heap after GC invocations=5 (full 0):
 garbage-first heap   total 126976K, used 18966K [0x0000000080000000, 0x0000000100000000)
  region size 1024K, 3 young (3072K), 3 survivors (3072K)
 Metaspace       used 25846K, capacity 26433K, committed 26620K, reserved 1073152K
  class space    used 3340K, capacity 3549K, committed 3660K, reserved 1048576K
}
Event: 6.130 GC heap before
{Heap before GC invocations=5 (full 0):
 garbage-first heap   total 126976K, used 73238K [0x0000000080000000, 0x0000000100000000)
  region size 1024K, 56 young (57344K), 3 survivors (3072K)
 Metaspace       used 30742K, capacity 31453K, committed 31612K, reserved 1077248K
  class space    used 4114K, capacity 4420K, committed 4556K, reserved 1048576K
}
Event: 6.137 GC heap after
{Heap after GC invocations=6 (full 0):
 garbage-first heap   total 126976K, used 20429K [0x0000000080000000, 0x0000000100000000)
  region size 1024K, 5 young (5120K), 5 survivors (5120K)
 Metaspace       used 30742K, capacity 31453K, committed 31612K, reserved 1077248K
  class space    used 4114K, capacity 4420K, committed 4556K, reserved 1048576K
}
Event: 6.691 GC heap before
{Heap before GC invocations=6 (full 0):
 garbage-first heap   total 126976K, used 39885K [0x0000000080000000, 0x0000000100000000)
  region size 1024K, 25 young (25600K), 5 survivors (5120K)
 Metaspace       used 35085K, capacity 35953K, committed 36048K, reserved 1081344K
  class space    used 4566K, capacity 4921K, committed 4940K, reserved 1048576K
}
Event: 6.702 GC heap after
{Heap after GC invocations=7 (full 0):
 garbage-first heap   total 126976K, used 22625K [0x0000000080000000, 0x0000000100000000)
  region size 1024K, 7 young (7168K), 7 survivors (7168K)
 Metaspace       used 35085K, capacity 35953K, committed 36048K, reserved 1081344K
  class space    used 4566K, capacity 4921K, committed 4940K, reserved 1048576K
}
Event: 7.669 GC heap before
{Heap before GC invocations=8 (full 0):
 garbage-first heap   total 126976K, used 86113K [0x0000000080000000, 0x0000000100000000)
  region size 1024K, 66 young (67584K), 7 survivors (7168K)
 Metaspace       used 40651K, capacity 41617K, committed 41884K, reserved 1085440K
  class space    used 5135K, capacity 5523K, committed 5656K, reserved 1048576K
}
Event: 7.687 GC heap after
{Heap after GC invocations=9 (full 0):
 garbage-first heap   total 126976K, used 28510K [0x0000000080000000, 0x0000000100000000)
  region size 1024K, 9 young (9216K), 9 survivors (9216K)
 Metaspace       used 40651K, capacity 41617K, committed 41884K, reserved 1085440K
  class space    used 5135K, capacity 5523K, committed 5656K, reserved 1048576K
}
Event: 8.600 GC heap before
{Heap before GC invocations=10 (full 0):
 garbage-first heap   total 126976K, used 86878K [0x0000000080000000, 0x0000000100000000)
  region size 1024K, 66 young (67584K), 9 survivors (9216K)
 Metaspace       used 45835K, capacity 46969K, committed 47132K, reserved 1089536K
  class space    used 5837K, capacity 6252K, committed 6296K, reserved 1048576K
}
Event: 8.616 GC heap after
{Heap after GC invocations=11 (full 0):
 garbage-first heap   total 152576K, used 30854K [0x0000000080000000, 0x0000000100000000)
  region size 1024K, 3 young (3072K), 3 survivors (3072K)
 Metaspace       used 45835K, capacity 46969K, committed 47132K, reserved 1089536K
  class space    used 5837K, capacity 6252K, committed 6296K, reserved 1048576K
}
Event: 9.735 GC heap before
{Heap before GC invocations=11 (full 0):
 garbage-first heap   total 152576K, used 105606K [0x0000000080000000, 0x0000000100000000)
  region size 1024K, 74 young (75776K), 3 survivors (3072K)
 Metaspace       used 49304K, capacity 50668K, committed 50972K, reserved 1093632K
  class space    used 6277K, capacity 6757K, committed 6808K, reserved 1048576K
}
Event: 9.742 GC heap after
{Heap after GC invocations=12 (full 0):
 garbage-first heap   total 152576K, used 39139K [0x0000000080000000, 0x0000000100000000)
  region size 1024K, 10 young (10240K), 10 survivors (10240K)
 Metaspace       used 49304K, capacity 50668K, committed 50972K, reserved 1093632K
  class space    used 6277K, capacity 6757K, committed 6808K, reserved 1048576K
}

