# JRE version: OpenJDK Runtime Environment (11.0.15) (build 11.0.15+0-b2043.56-9505619)
# Java VM: OpenJDK 64-Bit Server VM (11.0.15+0-b2043.56-9505619, mixed mode, tiered, compressed oops, g1 gc, windows-amd64)
Heap:
 garbage-first heap   total 183296K, used 68917K [0x0000000080000000, 0x0000000100000000)
  region size 1024K, 8 young (8192K), 8 survivors (8192K)
 Metaspace       used 81633K, capacity 83781K, committed 84016K, reserved 1122304K
  class space    used 10657K, capacity 11439K, committed 11544K, reserved 1048576K
GC Heap History (20 events):
Event: 6.481 GC heap after
{Heap after GC invocations=7 (full 0):
 garbage-first heap   total 126976K, used 22861K [0x0000000080000000, 0x0000000100000000)
  region size 1024K, 6 young (6144K), 6 survivors (6144K)
 Metaspace       used 35075K, capacity 35954K, committed 36048K, reserved 1081344K
  class space    used 4564K, capacity 4921K, committed 4940K, reserved 1048576K
}
Event: 7.436 GC heap before
{Heap before GC invocations=8 (full 0):
 garbage-first heap   total 126976K, used 85325K [0x0000000080000000, 0x0000000100000000)
  region size 1024K, 64 young (65536K), 6 survivors (6144K)
 Metaspace       used 40630K, capacity 41618K, committed 41884K, reserved 1085440K
  class space    used 5131K, capacity 5523K, committed 5656K, reserved 1048576K
}
Event: 7.459 GC heap after
{Heap after GC invocations=9 (full 0):
 garbage-first heap   total 126976K, used 28120K [0x0000000080000000, 0x0000000100000000)
  region size 1024K, 8 young (8192K), 8 survivors (8192K)
 Metaspace       used 40630K, capacity 41618K, committed 41884K, reserved 1085440K
  class space    used 5131K, capacity 5523K, committed 5656K, reserved 1048576K
}
Event: 8.400 GC heap before
{Heap before GC invocations=10 (full 0):
 garbage-first heap   total 126976K, used 87512K [0x0000000080000000, 0x0000000100000000)
  region size 1024K, 65 young (66560K), 8 survivors (8192K)
 Metaspace       used 45783K, capacity 46971K, committed 47132K, reserved 1089536K
  class space    used 5825K, capacity 6252K, committed 6296K, reserved 1048576K
}
Event: 8.412 GC heap after
{Heap after GC invocations=11 (full 0):
 garbage-first heap   total 126976K, used 31185K [0x0000000080000000, 0x0000000100000000)
  region size 1024K, 8 young (8192K), 8 survivors (8192K)
 Metaspace       used 45783K, capacity 46971K, committed 47132K, reserved 1089536K
  class space    used 5825K, capacity 6252K, committed 6296K, reserved 1048576K
}
Event: 9.609 GC heap before
{Heap before GC invocations=11 (full 0):
 garbage-first heap   total 126976K, used 89553K [0x0000000080000000, 0x0000000100000000)
  region size 1024K, 65 young (66560K), 8 survivors (8192K)
 Metaspace       used 48999K, capacity 50262K, committed 50460K, reserved 1093632K
  class space    used 6240K, capacity 6688K, committed 6808K, reserved 1048576K
}
Event: 9.620 GC heap after
{Heap after GC invocations=12 (full 0):
 garbage-first heap   total 152576K, used 34620K [0x0000000080000000, 0x0000000100000000)
  region size 1024K, 7 young (7168K), 7 survivors (7168K)
 Metaspace       used 48999K, capacity 50262K, committed 50460K, reserved 1093632K
  class space    used 6240K, capacity 6688K, committed 6808K, reserved 1048576K
}
Event: 11.106 GC heap before
{Heap before GC invocations=12 (full 0):
 garbage-first heap   total 152576K, used 106300K [0x0000000080000000, 0x0000000100000000)
  region size 1024K, 75 young (76800K), 7 survivors (7168K)
 Metaspace       used 55535K, capacity 57071K, committed 57244K, reserved 1099776K
  class space    used 7034K, capacity 7618K, committed 7704K, reserved 1048576K
}
Event: 11.119 GC heap after
{Heap after GC invocations=13 (full 0):
 garbage-first heap   total 152576K, used 44344K [0x0000000080000000, 0x0000000100000000)
  region size 1024K, 10 young (10240K), 10 survivors (10240K)
 Metaspace       used 55535K, capacity 57071K, committed 57244K, reserved 1099776K
  class space    used 7034K, capacity 7618K, committed 7704K, reserved 1048576K
}
Event: 12.436 GC heap before
{Heap before GC invocations=13 (full 0):
 garbage-first heap   total 152576K, used 117048K [0x0000000080000000, 0x0000000100000000)
  region size 1024K, 74 young (75776K), 10 survivors (10240K)
 Metaspace       used 63076K, capacity 64688K, committed 64796K, reserved 1105920K
  class space    used 7952K, capacity 8574K, committed 8600K, reserved 1048576K
}
Event: 12.448 GC heap after
{Heap after GC invocations=14 (full 0):
 garbage-first heap   total 152576K, used 50649K [0x0000000080000000, 0x0000000100000000)
  region size 1024K, 6 young (6144K), 6 survivors (6144K)
 Metaspace       used 63076K, capacity 64688K, committed 64796K, reserved 1105920K
  class space    used 7952K, capacity 8574K, committed 8600K, reserved 1048576K
}
Event: 13.341 GC heap before
{Heap before GC invocations=14 (full 0):
 garbage-first heap   total 152576K, used 114137K [0x0000000080000000, 0x0000000100000000)
  region size 1024K, 67 young (68608K), 6 survivors (6144K)
 Metaspace       used 66464K, capacity 68239K, committed 68380K, reserved 1107968K
  class space    used 8418K, capacity 9058K, committed 9112K, reserved 1048576K
}
Event: 13.349 GC heap after
{Heap after GC invocations=15 (full 0):
 garbage-first heap   total 152576K, used 54836K [0x0000000080000000, 0x0000000100000000)
  region size 1024K, 5 young (5120K), 5 survivors (5120K)
 Metaspace       used 66464K, capacity 68239K, committed 68380K, reserved 1107968K
  class space    used 8418K, capacity 9058K, committed 9112K, reserved 1048576K
}
Event: 13.775 GC heap before
{Heap before GC invocations=15 (full 0):
 garbage-first heap   total 152576K, used 94772K [0x0000000080000000, 0x0000000100000000)
  region size 1024K, 45 young (46080K), 5 survivors (5120K)
 Metaspace       used 67966K, capacity 69693K, committed 69808K, reserved 1110016K
  class space    used 8604K, capacity 9286K, committed 9368K, reserved 1048576K
}
Event: 13.786 GC heap after
{Heap after GC invocations=16 (full 0):
 garbage-first heap   total 152576K, used 57143K [0x0000000080000000, 0x0000000100000000)
  region size 1024K, 7 young (7168K), 7 survivors (7168K)
 Metaspace       used 67966K, capacity 69693K, committed 69808K, reserved 1110016K
  class space    used 8604K, capacity 9286K, committed 9368K, reserved 1048576K
}
Event: 14.803 GC heap before
{Heap before GC invocations=17 (full 0):
 garbage-first heap   total 152576K, used 118583K [0x0000000080000000, 0x0000000100000000)
  region size 1024K, 67 young (68608K), 7 survivors (7168K)
 Metaspace       used 72945K, capacity 74815K, committed 75056K, reserved 1114112K
  class space    used 9447K, capacity 10129K, committed 10264K, reserved 1048576K
}
Event: 14.821 GC heap after
{Heap after GC invocations=18 (full 0):
 garbage-first heap   total 152576K, used 60734K [0x0000000080000000, 0x0000000100000000)
  region size 1024K, 7 young (7168K), 7 survivors (7168K)
 Metaspace       used 72945K, capacity 74815K, committed 75056K, reserved 1114112K
  class space    used 9447K, capacity 10129K, committed 10264K, reserved 1048576K
}
Event: 15.657 GC heap before
{Heap before GC invocations=19 (full 0):
 garbage-first heap   total 152576K, used 120126K [0x0000000080000000, 0x0000000100000000)
  region size 1024K, 65 young (66560K), 7 survivors (7168K)
 Metaspace       used 76586K, capacity 78581K, committed 78768K, reserved 1118208K
  class space    used 9993K, capacity 10772K, committed 10904K, reserved 1048576K
}
Event: 15.670 GC heap after
{Heap after GC invocations=20 (full 0):
 garbage-first heap   total 152576K, used 64712K [0x0000000080000000, 0x0000000100000000)
  region size 1024K, 8 young (8192K), 8 survivors (8192K)
 Metaspace       used 76586K, capacity 78581K, committed 78768K, reserved 1118208K
  class space    used 9993K, capacity 10772K, committed 10904K, reserved 1048576K
}
Event: 16.741 GC heap before
{Heap before GC invocations=20 (full 0):
 garbage-first heap   total 152576K, used 123080K [0x0000000080000000, 0x0000000100000000)
  region size 1024K, 65 young (66560K), 8 survivors (8192K)
 Metaspace       used 81633K, capacity 83781K, committed 84016K, reserved 1122304K
  class space    used 10657K, capacity 11439K, committed 11544K, reserved 1048576K
}

