# JRE version: OpenJDK Runtime Environment (11.0.15) (build 11.0.15+0-b2043.56-9505619)
# Java VM: OpenJDK 64-Bit Server VM (11.0.15+0-b2043.56-9505619, mixed mode, tiered, compressed oops, g1 gc, windows-amd64)
Heap:
 garbage-first heap   total 152576K, used 85955K [0x0000000080000000, 0x0000000100000000)
  region size 1024K, 3 young (3072K), 3 survivors (3072K)
 Metaspace       used 44833K, capacity 46074K, committed 46332K, reserved 1089536K
  class space    used 5739K, capacity 6240K, committed 6272K, reserved 1048576K
GC Heap History (20 events):
Event: 3.277 GC heap after
{Heap after GC invocations=2 (full 0):
 garbage-first heap   total 126976K, used 16289K [0x0000000080000000, 0x0000000100000000)
  region size 1024K, 10 young (10240K), 10 survivors (10240K)
 Metaspace       used 18291K, capacity 18662K, committed 18944K, reserved 1067008K
  class space    used 2141K, capacity 2259K, committed 2304K, reserved 1048576K
}
Event: 3.555 GC heap before
{Heap before GC invocations=2 (full 0):
 garbage-first heap   total 126976K, used 36769K [0x0000000080000000, 0x0000000100000000)
  region size 1024K, 31 young (31744K), 10 survivors (10240K)
 Metaspace       used 20751K, capacity 21218K, committed 21296K, reserved 1069056K
  class space    used 2511K, capacity 2665K, committed 2688K, reserved 1048576K
}
Event: 3.566 GC heap after
{Heap after GC invocations=3 (full 0):
 garbage-first heap   total 126976K, used 17072K [0x0000000080000000, 0x0000000100000000)
  region size 1024K, 1 young (1024K), 1 survivors (1024K)
 Metaspace       used 20751K, capacity 21218K, committed 21296K, reserved 1069056K
  class space    used 2511K, capacity 2665K, committed 2688K, reserved 1048576K
}
Event: 4.231 GC heap before
{Heap before GC invocations=4 (full 0):
 garbage-first heap   total 126976K, used 63152K [0x0000000080000000, 0x0000000100000000)
  region size 1024K, 46 young (47104K), 1 survivors (1024K)
 Metaspace       used 25271K, capacity 25824K, committed 26032K, reserved 1071104K
  class space    used 3253K, capacity 3463K, committed 3584K, reserved 1048576K
}
Event: 4.236 GC heap after
{Heap after GC invocations=5 (full 0):
 garbage-first heap   total 126976K, used 18400K [0x0000000080000000, 0x0000000100000000)
  region size 1024K, 3 young (3072K), 3 survivors (3072K)
 Metaspace       used 25271K, capacity 25824K, committed 26032K, reserved 1071104K
  class space    used 3253K, capacity 3463K, committed 3584K, reserved 1048576K
}
Event: 5.177 GC heap before
{Heap before GC invocations=5 (full 0):
 garbage-first heap   total 126976K, used 96224K [0x0000000080000000, 0x0000000100000000)
  region size 1024K, 53 young (54272K), 3 survivors (3072K)
 Metaspace       used 29664K, capacity 30515K, committed 30640K, reserved 1075200K
  class space    used 3944K, capacity 4285K, committed 4352K, reserved 1048576K
}
Event: 5.184 GC heap after
{Heap after GC invocations=6 (full 0):
 garbage-first heap   total 126976K, used 52626K [0x0000000080000000, 0x0000000100000000)
  region size 1024K, 7 young (7168K), 7 survivors (7168K)
 Metaspace       used 29664K, capacity 30515K, committed 30640K, reserved 1075200K
  class space    used 3944K, capacity 4285K, committed 4352K, reserved 1048576K
}
Event: 5.860 GC heap before
{Heap before GC invocations=6 (full 0):
 garbage-first heap   total 126976K, used 91538K [0x0000000080000000, 0x0000000100000000)
  region size 1024K, 45 young (46080K), 7 survivors (7168K)
 Metaspace       used 34240K, capacity 35189K, committed 35504K, reserved 1079296K
  class space    used 4631K, capacity 4993K, committed 5120K, reserved 1048576K
}
Event: 5.866 GC heap after
{Heap after GC invocations=7 (full 0):
 garbage-first heap   total 126976K, used 54204K [0x0000000080000000, 0x0000000100000000)
  region size 1024K, 2 young (2048K), 2 survivors (2048K)
 Metaspace       used 34240K, capacity 35189K, committed 35504K, reserved 1079296K
  class space    used 4631K, capacity 4993K, committed 5120K, reserved 1048576K
}
Event: 5.938 GC heap before
{Heap before GC invocations=7 (full 0):
 garbage-first heap   total 126976K, used 55228K [0x0000000080000000, 0x0000000100000000)
  region size 1024K, 4 young (4096K), 2 survivors (2048K)
 Metaspace       used 34601K, capacity 35608K, committed 35708K, reserved 1079296K
  class space    used 4655K, capacity 5068K, committed 5120K, reserved 1048576K
}
Event: 5.941 GC heap after
{Heap after GC invocations=8 (full 0):
 garbage-first heap   total 126976K, used 54443K [0x0000000080000000, 0x0000000100000000)
  region size 1024K, 2 young (2048K), 2 survivors (2048K)
 Metaspace       used 34601K, capacity 35608K, committed 35708K, reserved 1079296K
  class space    used 4655K, capacity 5068K, committed 5120K, reserved 1048576K
}
Event: 6.540 GC heap before
{Heap before GC invocations=9 (full 0):
 garbage-first heap   total 126976K, used 86187K [0x0000000080000000, 0x0000000100000000)
  region size 1024K, 34 young (34816K), 2 survivors (2048K)
 Metaspace       used 39659K, capacity 40750K, committed 41084K, reserved 1085440K
  class space    used 5135K, capacity 5546K, committed 5632K, reserved 1048576K
}
Event: 6.547 GC heap after
{Heap after GC invocations=10 (full 0):
 garbage-first heap   total 126976K, used 58287K [0x0000000080000000, 0x0000000100000000)
  region size 1024K, 5 young (5120K), 5 survivors (5120K)
 Metaspace       used 39659K, capacity 40750K, committed 41084K, reserved 1085440K
  class space    used 5135K, capacity 5546K, committed 5632K, reserved 1048576K
}
Event: 7.088 GC heap before
{Heap before GC invocations=10 (full 0):
 garbage-first heap   total 126976K, used 94127K [0x0000000080000000, 0x0000000100000000)
  region size 1024K, 37 young (37888K), 5 survivors (5120K)
 Metaspace       used 42582K, capacity 43742K, committed 43900K, reserved 1087488K
  class space    used 5437K, capacity 5855K, committed 5888K, reserved 1048576K
}
Event: 7.097 GC heap after
{Heap after GC invocations=11 (full 0):
 garbage-first heap   total 126976K, used 61041K [0x0000000080000000, 0x0000000100000000)
  region size 1024K, 3 young (3072K), 3 survivors (3072K)
 Metaspace       used 42582K, capacity 43742K, committed 43900K, reserved 1087488K
  class space    used 5437K, capacity 5855K, committed 5888K, reserved 1048576K
}
Event: 7.491 GC heap before
{Heap before GC invocations=11 (full 0):
 garbage-first heap   total 126976K, used 83569K [0x0000000080000000, 0x0000000100000000)
  region size 1024K, 26 young (26624K), 3 survivors (3072K)
 Metaspace       used 44135K, capacity 45353K, committed 45436K, reserved 1089536K
  class space    used 5659K, capacity 6109K, committed 6144K, reserved 1048576K
}
Event: 7.498 GC heap after
{Heap after GC invocations=12 (full 0):
 garbage-first heap   total 126976K, used 62771K [0x0000000080000000, 0x0000000100000000)
  region size 1024K, 5 young (5120K), 5 survivors (5120K)
 Metaspace       used 44135K, capacity 45353K, committed 45436K, reserved 1089536K
  class space    used 5659K, capacity 6109K, committed 6144K, reserved 1048576K
}
Event: 7.580 GC heap before
{Heap before GC invocations=13 (full 0):
 garbage-first heap   total 126976K, used 78131K [0x0000000080000000, 0x0000000100000000)
  region size 1024K, 6 young (6144K), 5 survivors (5120K)
 Metaspace       used 44135K, capacity 45353K, committed 45436K, reserved 1089536K
  class space    used 5659K, capacity 6109K, committed 6144K, reserved 1048576K
}
Event: 7.587 GC heap after
{Heap after GC invocations=14 (full 0):
 garbage-first heap   total 126976K, used 78651K [0x0000000080000000, 0x0000000100000000)
  region size 1024K, 3 young (3072K), 3 survivors (3072K)
 Metaspace       used 44135K, capacity 45353K, committed 45436K, reserved 1089536K
  class space    used 5659K, capacity 6109K, committed 6144K, reserved 1048576K
}
Event: 7.883 GC heap before
{Heap before GC invocations=15 (full 0):
 garbage-first heap   total 126976K, used 97083K [0x0000000080000000, 0x0000000100000000)
  region size 1024K, 18 young (18432K), 3 survivors (3072K)
 Metaspace       used 44833K, capacity 46074K, committed 46332K, reserved 1089536K
  class space    used 5739K, capacity 6240K, committed 6272K, reserved 1048576K
}

