# JRE version: OpenJDK Runtime Environment (11.0.15) (build 11.0.15+0-b2043.56-9505619)
# Java VM: OpenJDK 64-Bit Server VM (11.0.15+0-b2043.56-9505619, mixed mode, tiered, compressed oops, g1 gc, windows-amd64)
Heap:
 garbage-first heap   total 183296K, used 82516K [0x0000000080000000, 0x0000000100000000)
  region size 1024K, 5 young (5120K), 5 survivors (5120K)
 Metaspace       used 86318K, capacity 88907K, committed 89212K, reserved 1126400K
  class space    used 11281K, capacity 12220K, committed 12312K, reserved 1048576K
GC Heap History (20 events):
Event: 8.078 GC heap after
{Heap after GC invocations=11 (full 0):
 garbage-first heap   total 126976K, used 30901K [0x0000000080000000, 0x0000000100000000)
  region size 1024K, 4 young (4096K), 4 survivors (4096K)
 Metaspace       used 45855K, capacity 47034K, committed 47132K, reserved 1089536K
  class space    used 5837K, capacity 6252K, committed 6296K, reserved 1048576K
}
Event: 9.658 GC heap before
{Heap before GC invocations=11 (full 0):
 garbage-first heap   total 126976K, used 89269K [0x0000000080000000, 0x0000000100000000)
  region size 1024K, 62 young (63488K), 4 survivors (4096K)
 Metaspace       used 49068K, capacity 50310K, committed 50460K, reserved 1093632K
  class space    used 6239K, capacity 6682K, committed 6808K, reserved 1048576K
}
Event: 9.675 GC heap after
{Heap after GC invocations=12 (full 0):
 garbage-first heap   total 152576K, used 33426K [0x0000000080000000, 0x0000000100000000)
  region size 1024K, 6 young (6144K), 6 survivors (6144K)
 Metaspace       used 49068K, capacity 50310K, committed 50460K, reserved 1093632K
  class space    used 6239K, capacity 6682K, committed 6808K, reserved 1048576K
}
Event: 11.256 GC heap before
{Heap before GC invocations=12 (full 0):
 garbage-first heap   total 152576K, used 106130K [0x0000000080000000, 0x0000000100000000)
  region size 1024K, 75 young (76800K), 6 survivors (6144K)
 Metaspace       used 55734K, capacity 57252K, committed 57500K, reserved 1099776K
  class space    used 7050K, capacity 7614K, committed 7704K, reserved 1048576K
}
Event: 11.265 GC heap after
{Heap after GC invocations=13 (full 0):
 garbage-first heap   total 152576K, used 43766K [0x0000000080000000, 0x0000000100000000)
  region size 1024K, 10 young (10240K), 10 survivors (10240K)
 Metaspace       used 55734K, capacity 57252K, committed 57500K, reserved 1099776K
  class space    used 7050K, capacity 7614K, committed 7704K, reserved 1048576K
}
Event: 12.560 GC heap before
{Heap before GC invocations=13 (full 0):
 garbage-first heap   total 152576K, used 117494K [0x0000000080000000, 0x0000000100000000)
  region size 1024K, 75 young (76800K), 10 survivors (10240K)
 Metaspace       used 63347K, capacity 65040K, committed 65180K, reserved 1105920K
  class space    used 7987K, capacity 8603K, committed 8728K, reserved 1048576K
}
Event: 12.574 GC heap after
{Heap after GC invocations=14 (full 0):
 garbage-first heap   total 152576K, used 49809K [0x0000000080000000, 0x0000000100000000)
  region size 1024K, 6 young (6144K), 6 survivors (6144K)
 Metaspace       used 63347K, capacity 65040K, committed 65180K, reserved 1105920K
  class space    used 7987K, capacity 8603K, committed 8728K, reserved 1048576K
}
Event: 13.358 GC heap before
{Heap before GC invocations=14 (full 0):
 garbage-first heap   total 152576K, used 115345K [0x0000000080000000, 0x0000000100000000)
  region size 1024K, 69 young (70656K), 6 survivors (6144K)
 Metaspace       used 66509K, capacity 68221K, committed 68380K, reserved 1107968K
  class space    used 8422K, capacity 9052K, committed 9112K, reserved 1048576K
}
Event: 13.367 GC heap after
{Heap after GC invocations=15 (full 0):
 garbage-first heap   total 152576K, used 53904K [0x0000000080000000, 0x0000000100000000)
  region size 1024K, 5 young (5120K), 5 survivors (5120K)
 Metaspace       used 66509K, capacity 68221K, committed 68380K, reserved 1107968K
  class space    used 8422K, capacity 9052K, committed 9112K, reserved 1048576K
}
Event: 13.825 GC heap before
{Heap before GC invocations=15 (full 0):
 garbage-first heap   total 152576K, used 85648K [0x0000000080000000, 0x0000000100000000)
  region size 1024K, 37 young (37888K), 5 survivors (5120K)
 Metaspace       used 67792K, capacity 69610K, committed 69788K, reserved 1110016K
  class space    used 8568K, capacity 9216K, committed 9240K, reserved 1048576K
}
Event: 13.837 GC heap after
{Heap after GC invocations=16 (full 0):
 garbage-first heap   total 152576K, used 55916K [0x0000000080000000, 0x0000000100000000)
  region size 1024K, 7 young (7168K), 7 survivors (7168K)
 Metaspace       used 67792K, capacity 69610K, committed 69788K, reserved 1110016K
  class space    used 8568K, capacity 9216K, committed 9240K, reserved 1048576K
}
Event: 15.028 GC heap before
{Heap before GC invocations=17 (full 0):
 garbage-first heap   total 152576K, used 119404K [0x0000000080000000, 0x0000000100000000)
  region size 1024K, 69 young (70656K), 7 survivors (7168K)
 Metaspace       used 72986K, capacity 74814K, committed 75132K, reserved 1114112K
  class space    used 9451K, capacity 10129K, committed 10264K, reserved 1048576K
}
Event: 15.037 GC heap after
{Heap after GC invocations=18 (full 0):
 garbage-first heap   total 152576K, used 59828K [0x0000000080000000, 0x0000000100000000)
  region size 1024K, 7 young (7168K), 7 survivors (7168K)
 Metaspace       used 72986K, capacity 74814K, committed 75132K, reserved 1114112K
  class space    used 9451K, capacity 10129K, committed 10264K, reserved 1048576K
}
Event: 15.850 GC heap before
{Heap before GC invocations=18 (full 0):
 garbage-first heap   total 152576K, used 121268K [0x0000000080000000, 0x0000000100000000)
  region size 1024K, 67 young (68608K), 7 survivors (7168K)
 Metaspace       used 76856K, capacity 78838K, committed 79100K, reserved 1118208K
  class space    used 10021K, capacity 10772K, committed 10904K, reserved 1048576K
}
Event: 15.862 GC heap after
{Heap after GC invocations=19 (full 0):
 garbage-first heap   total 152576K, used 63717K [0x0000000080000000, 0x0000000100000000)
  region size 1024K, 8 young (8192K), 8 survivors (8192K)
 Metaspace       used 76856K, capacity 78838K, committed 79100K, reserved 1118208K
  class space    used 10021K, capacity 10772K, committed 10904K, reserved 1048576K
}
Event: 16.869 GC heap before
{Heap before GC invocations=19 (full 0):
 garbage-first heap   total 152576K, used 123109K [0x0000000080000000, 0x0000000100000000)
  region size 1024K, 66 young (67584K), 8 survivors (8192K)
 Metaspace       used 81834K, capacity 84008K, committed 84092K, reserved 1122304K
  class space    used 10680K, capacity 11471K, committed 11544K, reserved 1048576K
}
Event: 16.880 GC heap after
{Heap after GC invocations=20 (full 0):
 garbage-first heap   total 152576K, used 68512K [0x0000000080000000, 0x0000000100000000)
  region size 1024K, 9 young (9216K), 9 survivors (9216K)
 Metaspace       used 81834K, capacity 84008K, committed 84092K, reserved 1122304K
  class space    used 10680K, capacity 11471K, committed 11544K, reserved 1048576K
}
Event: 17.288 GC heap before
{Heap before GC invocations=20 (full 0):
 garbage-first heap   total 152576K, used 122784K [0x0000000080000000, 0x0000000100000000)
  region size 1024K, 63 young (64512K), 9 survivors (9216K)
 Metaspace       used 82415K, capacity 84587K, committed 84860K, reserved 1122304K
  class space    used 10726K, capacity 11511K, committed 11544K, reserved 1048576K
}
Event: 17.305 GC heap after
{Heap after GC invocations=21 (full 0):
 garbage-first heap   total 152576K, used 77564K [0x0000000080000000, 0x0000000100000000)
  region size 1024K, 8 young (8192K), 8 survivors (8192K)
 Metaspace       used 82415K, capacity 84587K, committed 84860K, reserved 1122304K
  class space    used 10726K, capacity 11511K, committed 11544K, reserved 1048576K
}
Event: 18.316 GC heap before
{Heap before GC invocations=21 (full 0):
 garbage-first heap   total 152576K, used 121596K [0x0000000080000000, 0x0000000100000000)
  region size 1024K, 52 young (53248K), 8 survivors (8192K)
 Metaspace       used 86318K, capacity 88907K, committed 89212K, reserved 1126400K
  class space    used 11281K, capacity 12220K, committed 12312K, reserved 1048576K
}

